<?xml version="1.0" encoding="UTF-8"?>
<!-- Generated by org.testng.reporters.JUnitReportReporter -->
<testsuite hostname="YelugamRakesh" failures="0" tests="4" name="Groups_TestNG.New_Test2" time="0.000" errors="0" timestamp="2023-11-08T10:47:35 IST" skipped="4">
  <testcase classname="Groups_TestNG.New_Test2" name="Test3" time="0.000">
    <skipped/>
  </testcase> <!-- Test3 -->
  <testcase classname="Groups_TestNG.New_Test2" name="Test4" time="0.000">
    <skipped/>
  </testcase> <!-- Test4 -->
  <testcase classname="Groups_TestNG.New_Test2" name="Test2" time="0.000">
    <skipped/>
  </testcase> <!-- Test2 -->
  <testcase classname="Groups_TestNG.New_Test2" name="Test1" time="0.000">
    <skipped/>
  </testcase> <!-- Test1 -->
</testsuite> <!-- Groups_TestNG.New_Test2 -->
