<?xml version="1.0" encoding="UTF-8"?>
<!-- Generated by org.testng.reporters.JUnitReportReporter -->
<testsuite hostname="YelugamRakesh" failures="0" tests="4" name="Groups_TestNG.New_Test1" time="0.000" errors="0" timestamp="2023-11-08T10:47:35 IST" skipped="4">
  <testcase classname="Groups_TestNG.New_Test1" name="Test7" time="0.000">
    <skipped/>
  </testcase> <!-- Test7 -->
  <testcase classname="Groups_TestNG.New_Test1" name="Test6" time="0.000">
    <skipped/>
  </testcase> <!-- Test6 -->
  <testcase classname="Groups_TestNG.New_Test1" name="Test8" time="0.000">
    <skipped/>
  </testcase> <!-- Test8 -->
  <testcase classname="Groups_TestNG.New_Test1" name="Test5" time="0.000">
    <skipped/>
  </testcase> <!-- Test5 -->
</testsuite> <!-- Groups_TestNG.New_Test1 -->
