<?xml version="1.0" encoding="UTF-8"?>
<!-- Generated by org.testng.reporters.JUnitReportReporter -->
<testsuite hostname="YelugamRakesh" failures="0" tests="1" name="com.QA_TestNG_1.QA_Login_Orange" time="0.006" errors="0" timestamp="2023-11-01T10:53:08 IST" skipped="0">
  <testcase classname="com.QA_TestNG_1.QA_Login_Orange" name="Message" time="0.006"/>
</testsuite> <!-- com.QA_TestNG_1.QA_Login_Orange -->
