<?xml version="1.0" encoding="UTF-8"?>
<!-- Generated by org.testng.reporters.JUnitReportReporter -->
<testsuite hostname="rakeshiphones-Mac-mini.local" failures="0" tests="1" name="Mouse_Keyboard_Events.MoveToElement_2" time="10.483" errors="0" timestamp="2023-05-03T01:44:48 IST" skipped="0">
  <testcase classname="Mouse_Keyboard_Events.MoveToElement_2" name="testNewTab" time="10.483"/>
  <system-out/>
</testsuite> <!-- Mouse_Keyboard_Events.MoveToElement_2 -->
