<?xml version="1.0" encoding="UTF-8"?>
<!-- Generated by org.testng.reporters.JUnitReportReporter -->
<testsuite hostname="rakeshiphones-Mac-mini.local" failures="0" tests="1" name="Mouse_Keyboard_Events.KeyPress_UpDown" time="10.574" errors="0" timestamp="2023-05-03T00:22:34 IST" skipped="0">
  <testcase classname="Mouse_Keyboard_Events.KeyPress_UpDown" name="keyboard" time="10.574"/>
  <system-out/>
</testsuite> <!-- Mouse_Keyboard_Events.KeyPress_UpDown -->
