<?xml version="1.0" encoding="UTF-8"?>
<!-- Generated by org.testng.reporters.JUnitReportReporter -->
<testsuite hostname="rakeshiphones-Mac-mini.local" failures="0" tests="1" name="Selenium_workstation.Print_URLs_of_LINKS" time="9.226" errors="0" timestamp="2023-05-03T19:03:24 IST" skipped="0">
  <testcase classname="Selenium_workstation.Print_URLs_of_LINKS" name="printurls" time="9.226"/>
  <system-out/>
</testsuite> <!-- Selenium_workstation.Print_URLs_of_LINKS -->
