<?xml version="1.0" encoding="UTF-8"?>
<!-- Generated by org.testng.reporters.JUnitReportReporter -->
<testsuite hostname="rakeshiphones-Mac-mini.local" failures="0" tests="1" name="Mouse_Keyboard_Events.ClickAndHold_Method" time="10.330" errors="0" timestamp="2023-05-02T19:51:09 IST" skipped="0">
  <testcase classname="Mouse_Keyboard_Events.ClickAndHold_Method" name="ClickandHold1" time="10.330"/>
  <system-out/>
</testsuite> <!-- Mouse_Keyboard_Events.ClickAndHold_Method -->
