<?xml version="1.0" encoding="UTF-8"?>
<!-- Generated by org.testng.reporters.JUnitReportReporter -->
<testsuite hostname="rakeshiphones-Mac-mini.local" failures="0" tests="1" name="Mouse_Keyboard_Events.Scroll" time="42.148" errors="0" timestamp="2023-05-02T23:01:53 IST" skipped="0">
  <testcase classname="Mouse_Keyboard_Events.Scroll" name="testBrowserSlider" time="42.148"/>
  <system-out/>
</testsuite> <!-- Mouse_Keyboard_Events.Scroll -->
