<?xml version="1.0" encoding="UTF-8"?>
<!-- Generated by org.testng.reporters.JUnitReportReporter -->
<testsuite hostname="rakeshiphones-Mac-mini.local" failures="0" tests="1" name="Mouse_Events.click_Method" time="10.848" errors="0" timestamp="2023-05-02T12:59:24 IST" skipped="0">
  <testcase classname="Mouse_Events.click_Method" name="clickMethod" time="10.848"/>
  <system-out/>
</testsuite> <!-- Mouse_Events.click_Method -->
