<?xml version="1.0" encoding="UTF-8"?>
<!-- Generated by org.testng.reporters.JUnitReportReporter -->
<testsuite hostname="rakeshiphones-Mac-mini.local" failures="0" tests="1" name="Mouse_Keyboard_Events.ContexClick_Method" time="10.483" errors="0" timestamp="2023-05-02T13:43:41 IST" skipped="0">
  <testcase classname="Mouse_Keyboard_Events.ContexClick_Method" name="RightClick" time="10.483"/>
  <system-out/>
</testsuite> <!-- Mouse_Keyboard_Events.ContexClick_Method -->
