<?xml version="1.0" encoding="UTF-8"?>
<!-- Generated by org.testng.reporters.JUnitReportReporter -->
<testsuite hostname="rakeshiphones-Mac-mini.local" failures="0" tests="1" name="Mouse_Keyboard_Events.DragandDrop_Method" time="11.656" errors="0" timestamp="2023-05-02T19:45:30 IST" skipped="0">
  <testcase classname="Mouse_Keyboard_Events.DragandDrop_Method" name="drags2" time="11.656"/>
  <system-out/>
</testsuite> <!-- Mouse_Keyboard_Events.DragandDrop_Method -->
