<?xml version="1.0" encoding="UTF-8"?>
<!-- Generated by org.testng.reporters.JUnitReportReporter -->
<testsuite hostname="rakeshiphones-Mac-mini.local" failures="0" tests="1" name="Selenium_workstation.BrokenLinks" time="9.503" errors="0" timestamp="2023-05-03T18:52:57 IST" skipped="0">
  <testcase classname="Selenium_workstation.BrokenLinks" name="testlinks" time="9.503"/>
  <system-out/>
</testsuite> <!-- Selenium_workstation.BrokenLinks -->
