<?xml version="1.0" encoding="UTF-8"?>
<!-- Generated by org.testng.reporters.JUnitReportReporter -->
<testsuite hostname="rakeshiphones-Mac-mini.local" failures="0" tests="1" name="Project_Cyclos.Login" time="11.684" errors="0" timestamp="2023-05-05T14:21:02 IST" skipped="0">
  <testcase classname="Project_Cyclos.Login" name="testLogin" time="11.684"/>
  <system-out/>
</testsuite> <!-- Project_Cyclos.Login -->
