<?xml version="1.0" encoding="UTF-8"?>
<!-- Generated by org.testng.reporters.JUnitReportReporter -->
<testsuite hostname="rakeshiphones-Mac-mini.local" failures="0" tests="1" name="TestNG_Framework.First_Program" time="0.006" errors="0" timestamp="2023-07-24T03:52:27 IST" skipped="0">
  <testcase classname="TestNG_Framework.First_Program" name="Cat" time="0.006"/>
  <system-out/>
</testsuite> <!-- TestNG_Framework.First_Program -->
