<?xml version="1.0" encoding="UTF-8"?>
<!-- Generated by org.testng.reporters.JUnitReportReporter -->
<testsuite hostname="rakeshiphones-Mac-mini.local" failures="0" tests="2" name="Com.TestNG.Demo_TestNG" time="0.009" errors="0" timestamp="2023-04-17T03:49:23 IST" skipped="0">
  <testcase classname="Com.TestNG.Demo_TestNG" name="M4" time="0.002"/>
  <system-out/>
  <testcase classname="Com.TestNG.Demo_TestNG" name="M2" time="0.007"/>
  <system-out/>
</testsuite> <!-- Com.TestNG.Demo_TestNG -->
