<?xml version="1.0" encoding="UTF-8"?>
<!-- Generated by org.testng.reporters.JUnitReportReporter -->
<testsuite hostname="rakeshiphones-Mac-mini.local" failures="0" tests="1" name="Com.WebElements.window_handles" time="14.505" errors="0" timestamp="2023-04-13T08:24:42 IST" skipped="0">
  <testcase classname="Com.WebElements.window_handles" name="test1" time="14.505"/>
  <system-out/>
</testsuite> <!-- Com.WebElements.window_handles -->
