<?xml version="1.0" encoding="UTF-8"?>
<!-- Generated by org.testng.reporters.JUnitReportReporter -->
<testsuite hostname="rakeshiphones-Mac-mini.local" failures="0" tests="1" name="Com.WebElements.Web_Alerts" time="11.143" errors="0" timestamp="2023-04-13T06:51:48 IST" skipped="0">
  <testcase classname="Com.WebElements.Web_Alerts" name="test1" time="11.143"/>
  <system-out/>
</testsuite> <!-- Com.WebElements.Web_Alerts -->
