<?xml version="1.0" encoding="UTF-8"?>
<!-- Generated by org.testng.reporters.JUnitReportReporter -->
<testsuite hostname="rakeshiphones-Mac-mini.local" failures="0" tests="4" name="Selenium_Topics.TestNG_Groups" time="0.010" errors="0" timestamp="2023-05-01T21:01:16 IST" skipped="0">
  <testcase classname="Selenium_Topics.TestNG_Groups" name="meth5" time="0.002"/>
  <system-out/>
  <testcase classname="Selenium_Topics.TestNG_Groups" name="meth2" time="0.006"/>
  <system-out/>
  <testcase classname="Selenium_Topics.TestNG_Groups" name="meth6" time="0.001"/>
  <system-out/>
  <testcase classname="Selenium_Topics.TestNG_Groups" name="meth3" time="0.001"/>
  <system-out/>
</testsuite> <!-- Selenium_Topics.TestNG_Groups -->
