<?xml version="1.0" encoding="UTF-8"?>
<!-- Generated by org.testng.reporters.JUnitReportReporter -->
<testsuite hostname="rakeshiphones-Mac-mini.local" failures="0" tests="1" name="TestNG_workstation.Assertions" time="14.836" errors="0" timestamp="2023-04-26T18:58:50 IST" skipped="0">
  <testcase classname="TestNG_workstation.Assertions" name="AssertionEqual1" time="14.836"/>
  <system-out/>
</testsuite> <!-- TestNG_workstation.Assertions -->
