<?xml version="1.0" encoding="UTF-8"?>
<!-- Generated by org.testng.reporters.JUnitReportReporter -->
<testsuite hostname="rakeshiphones-Mac-mini.local" failures="0" tests="1" name="Selenium_Topics.ParallelClass1" time="9.609" errors="0" timestamp="2023-05-01T19:39:02 IST" skipped="0">
  <testcase classname="Selenium_Topics.ParallelClass1" name="methods1" time="9.609"/>
  <system-out/>
</testsuite> <!-- Selenium_Topics.ParallelClass1 -->
