<?xml version="1.0" encoding="UTF-8"?>
<!-- Generated by org.testng.reporters.JUnitReportReporter -->
<testsuite hostname="rakeshiphones-Mac-mini.local" failures="0" tests="6" name="TestNG_workstation.priority_Tag" time="0.019" errors="0" timestamp="2023-05-02T12:36:43 IST" skipped="0">
  <testcase classname="TestNG_workstation.priority_Tag" name="meth3" time="0.009"/>
  <system-out/>
  <testcase classname="TestNG_workstation.priority_Tag" name="meth2" time="0.002"/>
  <system-out/>
  <testcase classname="TestNG_workstation.priority_Tag" name="meth1" time="0.002"/>
  <system-out/>
  <testcase classname="TestNG_workstation.priority_Tag" name="meth6" time="0.003"/>
  <system-out/>
  <testcase classname="TestNG_workstation.priority_Tag" name="meth5" time="0.002"/>
  <system-out/>
  <testcase classname="TestNG_workstation.priority_Tag" name="meth4" time="0.001"/>
  <system-out/>
</testsuite> <!-- TestNG_workstation.priority_Tag -->
