<?xml version="1.0" encoding="UTF-8"?>
<!-- Generated by org.testng.reporters.JUnitReportReporter -->
<testsuite hostname="rakeshiphones-Mac-mini.local" failures="0" tests="3" name="TestNG_workstation.Grouping_Testcases" time="0.012" errors="0" timestamp="2023-05-01T20:42:20 IST" skipped="0">
  <testcase classname="TestNG_workstation.Grouping_Testcases" name="Test3" time="0.001"/>
  <system-out/>
  <testcase classname="TestNG_workstation.Grouping_Testcases" name="Test1" time="0.010"/>
  <system-out/>
  <testcase classname="TestNG_workstation.Grouping_Testcases" name="Test5" time="0.001"/>
  <system-out/>
</testsuite> <!-- TestNG_workstation.Grouping_Testcases -->
