<?xml version="1.0" encoding="UTF-8"?>
<!-- Generated by org.testng.reporters.JUnitReportReporter -->
<testsuite hostname="rakeshiphones-Mac-mini.local" failures="0" tests="1" name="Selenium_Topics.Window_Tabs" time="28.968" errors="0" timestamp="2023-04-18T15:13:26 IST" skipped="0">
  <testcase classname="Selenium_Topics.Window_Tabs" name="tabs1" time="28.968"/>
  <system-out/>
</testsuite> <!-- Selenium_Topics.Window_Tabs -->
