<?xml version="1.0" encoding="UTF-8"?>
<!-- Generated by org.testng.reporters.JUnitReportReporter -->
<testsuite hostname="rakeshiphones-Mac-mini.local" failures="0" tests="1" name="Practice_workstation.Dropdowns" time="19.844" errors="0" timestamp="2023-04-26T09:18:45 IST" skipped="0">
  <testcase classname="Practice_workstation.Dropdowns" name="dropdowns1" time="19.844"/>
  <system-out/>
</testsuite> <!-- Practice_workstation.Dropdowns -->
