<?xml version="1.0" encoding="UTF-8"?>
<!-- Generated by org.testng.reporters.JUnitReportReporter -->
<testsuite hostname="rakeshiphones-Mac-mini.local" failures="0" tests="2" name="TestNG_workstation.Annotations" time="0.016" errors="0" timestamp="2023-04-26T10:24:10 IST" skipped="0">
  <testcase classname="TestNG_workstation.Annotations" name="metha" time="0.011"/>
  <system-out/>
  <testcase classname="TestNG_workstation.Annotations" name="methb" time="0.005"/>
  <system-out/>
</testsuite> <!-- TestNG_workstation.Annotations -->
