<?xml version="1.0" encoding="UTF-8"?>
<!-- Generated by org.testng.reporters.JUnitReportReporter -->
<testsuite hostname="rakeshiphones-Mac-mini.local" failures="0" tests="3" name="TestNG_workstation.TestNgXML" time="58.644" errors="0" timestamp="2023-04-20T18:21:07 IST" skipped="0">
  <testcase classname="TestNG_workstation.TestNgXML" name="google" time="11.306"/>
  <system-out/>
  <testcase classname="TestNG_workstation.TestNgXML" name="tabs1" time="28.295"/>
  <system-out/>
  <testcase classname="TestNG_workstation.TestNgXML" name="AssertionEqual1" time="19.043"/>
  <system-out/>
</testsuite> <!-- TestNG_workstation.TestNgXML -->
