<?xml version="1.0" encoding="UTF-8"?>
<!-- Generated by org.testng.reporters.JUnitReportReporter -->
<testsuite hostname="rakeshiphones-Mac-mini.local" failures="0" tests="1" name="Selenium_Topics.Action_KeyboardEvent" time="23.135" errors="0" timestamp="2023-04-18T12:12:29 IST" skipped="0">
  <testcase classname="Selenium_Topics.Action_KeyboardEvent" name="KeyboardEvents" time="23.135"/>
  <system-out/>
</testsuite> <!-- Selenium_Topics.Action_KeyboardEvent -->
