<?xml version="1.0" encoding="UTF-8"?>
<!-- Generated by org.testng.reporters.JUnitReportReporter -->
<testsuite hostname="rakeshiphones-Mac-mini.local" failures="0" tests="1" name="Selenium_Topics.Dropdowns" time="19.581" errors="0" timestamp="2023-04-18T12:37:05 IST" skipped="0">
  <testcase classname="Selenium_Topics.Dropdowns" name="Dropdown1" time="19.581"/>
  <system-out/>
</testsuite> <!-- Selenium_Topics.Dropdowns -->
