<?xml version="1.0" encoding="UTF-8"?>
<!-- Generated by org.testng.reporters.JUnitReportReporter -->
<testsuite hostname="rakeshiphones-Mac-mini.local" failures="0" tests="2" name="TestNG_workstation.TestMethod" time="25.753" errors="0" timestamp="2023-04-24T13:56:37 IST" skipped="0">
  <testcase classname="TestNG_workstation.TestMethod" name="alpha" time="13.883"/>
  <system-out/>
  <testcase classname="TestNG_workstation.TestMethod" name="browser" time="11.870"/>
  <system-out/>
</testsuite> <!-- TestNG_workstation.TestMethod -->
