<?xml version="1.0" encoding="UTF-8"?>
<!-- Generated by org.testng.reporters.JUnitReportReporter -->
<testsuite hostname="rakeshiphones-Mac-mini.local" failures="0" tests="1" name="Selenium_Topics.isDisplaye_isEnabled" time="17.623" errors="0" timestamp="2023-04-26T09:31:55 IST" skipped="0">
  <testcase classname="Selenium_Topics.isDisplaye_isEnabled" name="Dropdown1" time="17.623"/>
  <system-out/>
</testsuite> <!-- Selenium_Topics.isDisplaye_isEnabled -->
