<?xml version="1.0" encoding="UTF-8"?>
<!-- Generated by org.testng.reporters.JUnitReportReporter -->
<testsuite hostname="rakeshiphones-Mac-mini.local" failures="0" tests="4" name="TestNG_workstation.Priority" time="0.014" errors="0" timestamp="2023-04-25T07:44:35 IST" skipped="0">
  <testcase classname="TestNG_workstation.Priority" name="meth4" time="0.009"/>
  <system-out/>
  <testcase classname="TestNG_workstation.Priority" name="meth3" time="0.002"/>
  <system-out/>
  <testcase classname="TestNG_workstation.Priority" name="meth2" time="0.001"/>
  <system-out/>
  <testcase classname="TestNG_workstation.Priority" name="meth1" time="0.002"/>
  <system-out/>
</testsuite> <!-- TestNG_workstation.Priority -->
