<?xml version="1.0" encoding="UTF-8"?>
<!-- Generated by org.testng.reporters.JUnitReportReporter -->
<testsuite hostname="rakeshiphones-Mac-mini.local" failures="0" tests="1" name="Selenium_Topics.JavaScriptExecutor" time="14.089" errors="0" timestamp="2023-04-18T16:16:06 IST" skipped="0">
  <testcase classname="Selenium_Topics.JavaScriptExecutor" name="tabs1" time="14.089"/>
  <system-out/>
</testsuite> <!-- Selenium_Topics.JavaScriptExecutor -->
