<?xml version="1.0" encoding="UTF-8"?>
<!-- Generated by org.testng.reporters.JUnitReportReporter -->
<testsuite hostname="rakeshiphones-Mac-mini.local" failures="0" tests="1" name="Selenium_Topics.Implicitwait" time="19.530" errors="0" timestamp="2023-04-18T20:09:48 IST" skipped="0">
  <testcase classname="Selenium_Topics.Implicitwait" name="implicitwait1" time="19.530"/>
  <system-out/>
</testsuite> <!-- Selenium_Topics.Implicitwait -->
