<?xml version="1.0" encoding="UTF-8"?>
<!-- Generated by org.testng.reporters.JUnitReportReporter -->
<testsuite hostname="YelugamRakesh" failures="0" tests="1" name="com.QA_TestNG.QA_Annotation_1" time="0.000" errors="0" timestamp="2023-11-01T10:46:15 IST" skipped="1">
  <testcase classname="com.QA_TestNG.QA_Annotation_1" name="Message1" time="0.000">
    <skipped/>
  </testcase> <!-- Message1 -->
</testsuite> <!-- com.QA_TestNG.QA_Annotation_1 -->
