<?xml version="1.0" encoding="UTF-8"?>
<!-- Generated by org.testng.reporters.JUnitReportReporter -->
<testsuite hostname="YelugamRakesh" failures="0" tests="1" name="com.QA.SeleniumElements.QA_Number_of_Links" time="0.000" errors="0" timestamp="2023-11-01T10:46:15 IST" skipped="1">
  <testcase classname="com.QA.SeleniumElements.QA_Number_of_Links" name="numberoflinks" time="0.000">
    <skipped/>
  </testcase> <!-- numberoflinks -->
</testsuite> <!-- com.QA.SeleniumElements.QA_Number_of_Links -->
