<?xml version="1.0" encoding="UTF-8"?>
<!-- Generated by org.testng.reporters.JUnitReportReporter -->
<testsuite hostname="YelugamRakesh" failures="0" tests="1" name="com.QA_TestNG.QA_Annotations" time="3.475" errors="0" timestamp="2023-11-01T12:04:37 IST" skipped="0">
  <testcase classname="com.QA_TestNG.QA_Annotations" name="class1" time="3.475"/>
</testsuite> <!-- com.QA_TestNG.QA_Annotations -->
